生成启动时间为 2016/5/2 0:38:01。
     1>项目“F:\李昊峰\大学资料\算法导论\pa2 binary tree\binary_tree_git\binary tree\binary tree.vcxproj”在节点 2 上(Build 个目标)。
     1>ClCompile:
         D:\Program Files (x86)\Microsoft Visual Studio 12.0\VC\bin\CL.exe /c /ZI /nologo /W3 /WX- /sdl /Od /Oy- /D WIN32 /D _DEBUG /D _CONSOLE /D _LIB /D _CRT_SECURE_NO_WARNINGS /D _UNICODE /D UNICODE /Gm /EHsc /RTC1 /MDd /GS /fp:precise /Zc:wchar_t /Zc:forScope /Fo"Debug\\" /Fd"Debug\vc120.pdb" /Gd /TP /analyze- /errorReport:prompt test.cc
         test.cc
     1>f:\李昊峰\大学资料\算法导论\pa2 binary tree\binary_tree_git\binary tree\pdf.cc(42): warning C4018: “>=”: 有符号/无符号不匹配
     1>f:\李昊峰\大学资料\算法导论\pa2 binary tree\binary_tree_git\binary tree\pdf.cc(80): error C4996: 'strdup': The POSIX name for this item is deprecated. Instead, use the ISO C++ conformant name: _strdup. See online help for details.
                 d:\program files (x86)\microsoft visual studio 12.0\vc\include\string.h(245) : 参见“strdup”的声明
     1>f:\李昊峰\大学资料\算法导论\pa2 binary tree\binary_tree_git\binary tree\pdf.cc(215): error C2065: “M_PI”: 未声明的标识符
     1>f:\李昊峰\大学资料\算法导论\pa2 binary tree\binary_tree_git\binary tree\pdf.cc(224): error C2065: “M_PI”: 未声明的标识符
     1>f:\李昊峰\大学资料\算法导论\pa2 binary tree\binary_tree_git\binary tree\pdf.cc(254): error C2065: “M_PI”: 未声明的标识符
     1>f:\李昊峰\大学资料\算法导论\pa2 binary tree\binary_tree_git\binary tree\pdf.cc(262): error C2065: “M_PI”: 未声明的标识符
     1>f:\李昊峰\大学资料\算法导论\pa2 binary tree\binary_tree_git\binary tree\pdf.cc(304): error C2065: “M_PI”: 未声明的标识符
     1>f:\李昊峰\大学资料\算法导论\pa2 binary tree\binary_tree_git\binary tree\pdf.cc(304): error C2660: “PDF::arc”: 函数不接受 4 个参数
     1>f:\李昊峰\大学资料\算法导论\pa2 binary tree\binary_tree_git\binary tree\pdf.cc(305): error C2065: “M_PI”: 未声明的标识符
     1>f:\李昊峰\大学资料\算法导论\pa2 binary tree\binary_tree_git\binary tree\pdf.cc(305): error C2660: “PDF::arc”: 函数不接受 4 个参数
     1>f:\李昊峰\大学资料\算法导论\pa2 binary tree\binary_tree_git\binary tree\pdf.cc(306): error C2065: “M_PI”: 未声明的标识符
     1>f:\李昊峰\大学资料\算法导论\pa2 binary tree\binary_tree_git\binary tree\pdf.cc(306): error C2660: “PDF::arc”: 函数不接受 4 个参数
     1>f:\李昊峰\大学资料\算法导论\pa2 binary tree\binary_tree_git\binary tree\pdf.cc(307): error C2065: “M_PI”: 未声明的标识符
     1>f:\李昊峰\大学资料\算法导论\pa2 binary tree\binary_tree_git\binary tree\pdf.cc(307): error C2660: “PDF::arc”: 函数不接受 4 个参数
     1>已完成生成项目“F:\李昊峰\大学资料\算法导论\pa2 binary tree\binary_tree_git\binary tree\binary tree.vcxproj”(Build 个目标)的操作 - 失败。

生成失败。

已用时间 00:00:01.59
